<?xml version="1.0" encoding="UTF-8"?>
<!-- Generated by org.testng.reporters.JUnitReportReporter -->
<testsuite hostname="DESKTOP-3T8H39B" failures="0" tests="2" name="com.sn.Testcases.HomePageTest" time="189.379" errors="0" timestamp="2022-04-25T12:55:46 IST" skipped="0">
  <testcase classname="com.sn.Testcases.HomePageTest" name="verify" time="66.948"/>
  <system-out/>
  <testcase classname="com.sn.Testcases.HomePageTest" name="SearchIncident" time="122.431"/>
  <system-out/>
</testsuite> <!-- com.sn.Testcases.HomePageTest -->
