<?xml version="1.0" encoding="UTF-8"?>
<!-- Generated by org.testng.reporters.JUnitReportReporter -->
<testsuite hostname="LPT-1142" failures="0" tests="2" name="com.sn.Testcases.HomePageTest" time="32.950" errors="0" timestamp="2022-06-23T15:55:48 IST" skipped="0">
  <testcase classname="com.sn.Testcases.HomePageTest" name="verify" time="14.632"/>
  <system-out/>
  <testcase classname="com.sn.Testcases.HomePageTest" name="SearchIncident" time="18.318"/>
  <system-out/>
</testsuite> <!-- com.sn.Testcases.HomePageTest -->
