<?xml version="1.0" encoding="UTF-8"?>
<!-- Generated by org.testng.reporters.JUnitReportReporter -->
<testsuite hostname="LPT-1142" failures="0" tests="2" name="com.sn.Testcases.LoginPageTest" time="28.075" errors="0" timestamp="2022-06-23T15:52:14 IST" skipped="0">
  <testcase classname="com.sn.Testcases.LoginPageTest" name="loginPageTitleTest" time="12.501"/>
  <system-out/>
  <testcase classname="com.sn.Testcases.LoginPageTest" name="loginPageTest" time="15.574"/>
  <system-out/>
</testsuite> <!-- com.sn.Testcases.LoginPageTest -->
