<?xml version="1.0" encoding="UTF-8"?>
<!-- Generated by org.testng.reporters.JUnitReportReporter -->
<testsuite hostname="LPT-1142" failures="0" tests="1" name="com.sn.Testcases.OnHoldTest" time="86.826" errors="0" timestamp="2022-06-09T23:10:34 IST" skipped="0">
  <testcase classname="com.sn.Testcases.OnHoldTest" name="onhold" time="86.826"/>
  <system-out/>
</testsuite> <!-- com.sn.Testcases.OnHoldTest -->
