<?xml version="1.0" encoding="UTF-8"?>
<!-- Generated by org.testng.reporters.JUnitReportReporter -->
<testsuite hostname="LPT-1142" failures="0" tests="1" name="com.sn.Testcases.IncidentCreateTest" time="44.600" errors="0" timestamp="2022-06-23T16:00:04 IST" skipped="0">
  <testcase classname="com.sn.Testcases.IncidentCreateTest" name="NewIncident" time="44.600"/>
  <system-out/>
</testsuite> <!-- com.sn.Testcases.IncidentCreateTest -->
